<?xml version="1.0" encoding="UTF-8"?>
<!-- Generated by org.testng.reporters.JUnitReportReporter -->
<testsuite hostname="Rajeshs-MacBook-Pro.local" failures="0" tests="1" name="com.gmail.CreateGmailAccount" time="6.039" errors="0" timestamp="2022-05-16T20:18:36 IST" skipped="0">
  <testcase classname="com.gmail.CreateGmailAccount" name="createAccount" time="6.039"/>
  <system-out/>
</testsuite> <!-- com.gmail.CreateGmailAccount -->
