<?xml version="1.0" encoding="UTF-8"?>
<!-- Generated by org.testng.reporters.JUnitReportReporter -->
<testsuite hostname="Rajeshs-MacBook-Pro.local" failures="0" tests="1" name="com.gmail.CreateGmailAccountTest" time="5.453" errors="0" timestamp="2022-05-16T20:39:50 IST" skipped="0">
  <testcase classname="com.gmail.CreateGmailAccountTest" name="createAccount" time="5.453"/>
  <system-out/>
</testsuite> <!-- com.gmail.CreateGmailAccountTest -->
