<?xml version="1.0" encoding="UTF-8"?>
<!-- Generated by org.testng.reporters.JUnitReportReporter -->
<testsuite hostname="Rajeshs-MacBook-Pro.local" failures="0" tests="1" name="com.gmail.CreateGmailAccountTest" time="9.179" errors="0" timestamp="2022-05-18T10:33:19 IST" skipped="0">
  <testcase classname="com.gmail.CreateGmailAccountTest" name="createAccount" time="9.179"/>
  <system-out/>
</testsuite> <!-- com.gmail.CreateGmailAccountTest -->
